c:\users\alank\onedrive\documents\practice\c++ project\chip-8 emulator\chip-8 emulator\chip-8 emulator\x64\debug\vc143.pdb
c:\users\alank\onedrive\documents\practice\c++ project\chip-8 emulator\chip-8 emulator\chip-8 emulator\x64\debug\vc143.idb
c:\users\alank\onedrive\documents\practice\c++ project\chip-8 emulator\chip-8 emulator\chip-8 emulator\x64\debug\platform.obj
c:\users\alank\onedrive\documents\practice\c++ project\chip-8 emulator\chip-8 emulator\chip-8 emulator\x64\debug\main.obj
c:\users\alank\onedrive\documents\practice\c++ project\chip-8 emulator\chip-8 emulator\chip-8 emulator\x64\debug\chip8.obj
c:\users\alank\onedrive\documents\practice\c++ project\chip-8 emulator\chip-8 emulator\x64\debug\chip-8 emulator.pdb
c:\users\alank\onedrive\documents\practice\c++ project\chip-8 emulator\chip-8 emulator\chip-8 emulator\x64\debug\chip-8 emulator.tlog\cl.command.1.tlog
c:\users\alank\onedrive\documents\practice\c++ project\chip-8 emulator\chip-8 emulator\chip-8 emulator\x64\debug\chip-8 emulator.tlog\cl.read.1.tlog
c:\users\alank\onedrive\documents\practice\c++ project\chip-8 emulator\chip-8 emulator\chip-8 emulator\x64\debug\chip-8 emulator.tlog\cl.write.1.tlog
c:\users\alank\onedrive\documents\practice\c++ project\chip-8 emulator\chip-8 emulator\chip-8 emulator\x64\debug\chip-8 emulator.tlog\link-cvtres.read.1.tlog
c:\users\alank\onedrive\documents\practice\c++ project\chip-8 emulator\chip-8 emulator\chip-8 emulator\x64\debug\chip-8 emulator.tlog\link-cvtres.write.1.tlog
c:\users\alank\onedrive\documents\practice\c++ project\chip-8 emulator\chip-8 emulator\chip-8 emulator\x64\debug\chip-8 emulator.tlog\link-rc.read.1.tlog
c:\users\alank\onedrive\documents\practice\c++ project\chip-8 emulator\chip-8 emulator\chip-8 emulator\x64\debug\chip-8 emulator.tlog\link-rc.write.1.tlog
c:\users\alank\onedrive\documents\practice\c++ project\chip-8 emulator\chip-8 emulator\chip-8 emulator\x64\debug\chip-8 emulator.tlog\link.command.1.tlog
c:\users\alank\onedrive\documents\practice\c++ project\chip-8 emulator\chip-8 emulator\chip-8 emulator\x64\debug\chip-8 emulator.tlog\link.read.1.tlog
c:\users\alank\onedrive\documents\practice\c++ project\chip-8 emulator\chip-8 emulator\chip-8 emulator\x64\debug\chip-8 emulator.tlog\link.read.2.tlog
c:\users\alank\onedrive\documents\practice\c++ project\chip-8 emulator\chip-8 emulator\chip-8 emulator\x64\debug\chip-8 emulator.tlog\link.read.3.tlog
c:\users\alank\onedrive\documents\practice\c++ project\chip-8 emulator\chip-8 emulator\chip-8 emulator\x64\debug\chip-8 emulator.tlog\link.read.4.tlog
c:\users\alank\onedrive\documents\practice\c++ project\chip-8 emulator\chip-8 emulator\chip-8 emulator\x64\debug\chip-8 emulator.tlog\link.read.5.tlog
c:\users\alank\onedrive\documents\practice\c++ project\chip-8 emulator\chip-8 emulator\chip-8 emulator\x64\debug\chip-8 emulator.tlog\link.write.1.tlog
